<?xml version="1.0" encoding="UTF-8"?>
<testsuite name="org.practice.hackerrank.monthpreparation.week2.SalesByMatchTest" tests="1" skipped="0" failures="0" errors="0" timestamp="2023-03-01T13:14:12" hostname="DESKTOP-412GANJ" time="0.078">
  <properties/>
  <testcase name="should_returnPairsOfSocksForARandomlyGeneratedInput()" classname="org.practice.hackerrank.monthpreparation.week2.SalesByMatchTest" time="0.078"/>
  <system-out><![CDATA[3
]]></system-out>
  <system-err><![CDATA[]]></system-err>
</testsuite>
